<?xml version="1.0" encoding="UTF-8"?>
<robot generator="Robot 3.1.2 (Python 3.7.4 on win32)" generated="20190930 21:03:34.287" rpa="false">
<suite id="s1" name="Start" source="C:\Users\User\Documents\Test\start.robot">
<test id="s1-t1" name="Valid Login">
<kw name="Login On Instagram" library="instagram-login">
<kw name="Open Browser" library="SeleniumLibrary">
<doc>Opens a new browser instance to the given ``url``.</doc>
<arguments>
<arg>${LOGIN URL}</arg>
<arg>${BROWSER}</arg>
</arguments>
<msg timestamp="20190930 21:03:34.602" level="INFO">Opening browser 'Chrome' to base url 'https://www.instagram.com/accounts/login/?source=auth_switcher'.</msg>
<status status="PASS" starttime="20190930 21:03:34.602" endtime="20190930 21:03:37.737"></status>
</kw>
<kw name="Input Text" library="SeleniumLibrary">
<doc>Types the given ``text`` into the text field identified by ``locator``.</doc>
<arguments>
<arg>username</arg>
<arg>${USERNAME}</arg>
</arguments>
<msg timestamp="20190930 21:03:37.737" level="INFO">Typing text 'felipescgouvea' into text field 'username'.</msg>
<status status="PASS" starttime="20190930 21:03:37.737" endtime="20190930 21:03:37.918"></status>
</kw>
<kw name="Input Text" library="SeleniumLibrary">
<doc>Types the given ``text`` into the text field identified by ``locator``.</doc>
<arguments>
<arg>password</arg>
<arg>${PASSWORD}</arg>
</arguments>
<msg timestamp="20190930 21:03:37.919" level="INFO">Typing text 'dan29890' into text field 'password'.</msg>
<status status="PASS" starttime="20190930 21:03:37.918" endtime="20190930 21:03:38.046"></status>
</kw>
<kw name="Click Element" library="SeleniumLibrary">
<doc>Click the element identified by ``locator``.</doc>
<arguments>
<arg>css:[type="submit"]</arg>
</arguments>
<msg timestamp="20190930 21:03:38.047" level="INFO">Clicking element 'css:[type="submit"]'.</msg>
<status status="PASS" starttime="20190930 21:03:38.047" endtime="20190930 21:03:38.135"></status>
</kw>
<kw name="Deactivate Notification" library="instagram-login">
<kw name="Wait Until Element Is Visible" library="SeleniumLibrary">
<doc>Waits until the element ``locator`` is visible.</doc>
<arguments>
<arg>css:.aOOlW.bIiDR</arg>
</arguments>
<kw name="Capture Page Screenshot" library="SeleniumLibrary">
<doc>Takes a screenshot of the current page and embeds it into a log file.</doc>
<msg timestamp="20190930 21:03:40.455" level="FAIL">NoSuchWindowException: Message: no such window: target window already closed
from unknown error: web view not found
  (Session info: chrome=77.0.3865.90)
</msg>
<status status="FAIL" starttime="20190930 21:03:40.428" endtime="20190930 21:03:40.455"></status>
</kw>
<msg timestamp="20190930 21:03:40.455" level="WARN">Keyword 'Capture Page Screenshot' could not be run on failure: NoSuchWindowException: Message: no such window: target window already closed
from unknown error: web view not found
  (Session info: chrome=77.0.3865.90)
</msg>
<msg timestamp="20190930 21:03:40.485" level="FAIL">NoSuchWindowException: Message: no such window: target window already closed
from unknown error: web view not found
  (Session info: chrome=77.0.3865.90)
</msg>
<status status="FAIL" starttime="20190930 21:03:38.136" endtime="20190930 21:03:40.485"></status>
</kw>
<status status="FAIL" starttime="20190930 21:03:38.135" endtime="20190930 21:03:40.485"></status>
</kw>
<status status="FAIL" starttime="20190930 21:03:34.602" endtime="20190930 21:03:40.485"></status>
</kw>
<status status="FAIL" starttime="20190930 21:03:34.601" endtime="20190930 21:03:40.485" critical="yes">NoSuchWindowException: Message: no such window: target window already closed
from unknown error: web view not found
  (Session info: chrome=77.0.3865.90)
</status>
</test>
<doc>A MVP Bot for Instagram, for knowledge purposes</doc>
<status status="FAIL" starttime="20190930 21:03:34.289" endtime="20190930 21:03:40.488"></status>
</suite>
<statistics>
<total>
<stat pass="0" fail="1">Critical Tests</stat>
<stat pass="0" fail="1">All Tests</stat>
</total>
<tag>
</tag>
<suite>
<stat pass="0" fail="1" id="s1" name="Start">Start</stat>
</suite>
</statistics>
<errors>
<msg timestamp="20190930 21:03:40.455" level="WARN">Keyword 'Capture Page Screenshot' could not be run on failure: NoSuchWindowException: Message: no such window: target window already closed
from unknown error: web view not found
  (Session info: chrome=77.0.3865.90)
</msg>
</errors>
</robot>
